10 1 1
10 1 1
10 1 1
17 0 23
17 0 20
17 0 22
17 0 28
13 0 640 448 1088 448
13 2 640 448 1088 448
13 0 640 480 1088 480
13 2 640 480 1088 480
13 0 1232 480 1344 480
13 2 1232 480 1344 480
13 2 1040 512 1088 512
13 0 640 544 896 544
13 2 640 544 896 544
13 0 640 624 704 624
13 2 640 624 704 624
13 2 848 640 896 640
13 0 640 656 704 656
13 2 640 656 704 656
13 2 1040 688 1056 688
13 0 1056 688 1344 688
13 2 1056 688 1344 688
13 0 640 704 896 704
13 2 640 704 896 704
13 2 1056 784 1088 784
13 0 896 576 896 640
13 2 896 576 896 640
13 2 896 640 896 672
13 2 1040 512 1040 560
13 0 1056 688 1056 784
13 2 1056 688 1056 784
17 0 10
17 0 13
17 0 14
17 0 15
17 0 30
17 0 11
17 0 27
17 0 26
17 0 25
13 0 672 800 704 800
13 2 672 800 704 800
13 0 1232 800 1424 800
13 2 1232 800 1424 800
13 2 848 816 1088 816
13 0 672 832 704 832
13 2 672 832 704 832
13 0 672 912 704 912
13 2 672 912 704 912
13 2 1056 912 1088 912
13 2 848 928 896 928
13 0 1232 928 1424 928
13 2 1232 928 1424 928
13 0 672 944 704 944
13 2 672 944 704 944
13 2 1040 944 1088 944
13 0 672 992 896 992
13 2 672 992 896 992
13 0 672 1040 704 1040
13 2 672 1040 704 1040
13 0 672 1072 704 1072
13 2 672 1072 704 1072
13 2 1040 1072 1088 1072
13 2 848 1088 896 1088
13 0 1232 1120 1424 1120
13 2 1232 1120 1424 1120
13 0 672 1168 896 1168
13 2 672 1168 896 1168
13 2 1040 1184 1088 1184
13 0 672 1200 896 1200
13 2 672 1200 896 1200
13 0 848 1056 848 1088
13 2 848 1056 848 1088
13 0 848 1088 848 1248
13 2 848 1088 848 1248
13 0 896 960 896 992
13 2 896 960 896 992
13 2 896 992 896 1056
13 2 1056 784 1056 912
13 2 1088 1072 1088 1104
13 2 1088 1136 1088 1184
17 0 12
17 0 29
17 0 31
17 0 32
13 0 1424 1120 1440 1120
13 2 1424 1120 1440 1120
13 2 848 1280 896 1280
13 2 1040 1296 1088 1296
13 0 816 1312 896 1312
13 2 816 1312 896 1312
13 2 1232 1312 1296 1312
13 0 816 1360 1088 1360
13 2 816 1360 1088 1360
13 0 816 1408 1088 1408
13 2 816 1408 1088 1408
13 2 1232 1424 1296 1424
13 0 816 1440 1088 1440
13 2 816 1440 1088 1440
13 2 848 1248 848 1280
13 2 1088 1328 1088 1360
13 2 1296 1312 1296 1360
13 2 1296 1392 1296 1424
13 0 720 1312 816 1312
13 2 720 1312 816 1312
13 0 720 1360 816 1360
13 2 720 1360 816 1360
13 0 720 1408 816 1408
13 2 720 1408 816 1408
13 0 720 1440 816 1440
13 2 720 1440 816 1440
13 0 608 1312 672 1312
13 2 608 1312 672 1312
13 0 608 1360 672 1360
13 2 608 1360 672 1360
13 0 608 1408 672 1408
13 2 608 1408 672 1408
13 0 608 1440 672 1440
13 2 608 1440 672 1440
13 2 672 1312 720 1312
13 2 672 1360 720 1360
13 2 672 1408 720 1408
13 2 672 1440 720 1440
13 0 576 1312 608 1312
13 2 576 1312 608 1312
13 0 576 1360 608 1360
13 2 576 1360 608 1360
13 0 576 1408 608 1408
13 2 576 1408 608 1408
13 0 576 1440 608 1440
13 2 576 1440 608 1440
13 0 512 1312 576 1312
13 2 512 1312 576 1312
13 2 448 1312 512 1312
13 0 528 1360 576 1360
13 2 528 1360 576 1360
13 2 352 1360 528 1360
13 0 512 1408 576 1408
13 2 512 1408 576 1408
13 2 304 1408 512 1408
13 0 560 1440 576 1440
13 2 560 1440 576 1440
13 2 544 1440 560 1440
13 0 608 448 640 448
13 2 608 448 640 448
13 0 608 480 640 480
13 2 608 480 640 480
13 0 608 544 640 544
13 2 608 544 640 544
13 0 608 624 640 624
13 2 608 624 640 624
13 0 608 656 640 656
13 2 608 656 640 656
13 0 608 704 640 704
13 2 608 704 640 704
13 0 608 800 672 800
13 2 608 800 672 800
13 0 608 832 672 832
13 2 608 832 672 832
13 0 608 912 672 912
13 2 608 912 672 912
13 0 608 944 672 944
13 2 608 944 672 944
13 0 608 992 672 992
13 2 608 992 672 992
13 0 608 1040 672 1040
13 2 608 1040 672 1040
13 0 608 1072 672 1072
13 2 608 1072 672 1072
13 0 608 1168 672 1168
13 2 608 1168 672 1168
13 0 608 1200 672 1200
13 2 608 1200 672 1200
13 0 576 1200 608 1200
13 2 576 1200 608 1200
13 2 448 1200 576 1200
13 0 560 1168 608 1168
13 2 560 1168 608 1168
13 2 304 1168 560 1168
13 0 560 1072 608 1072
13 2 560 1072 608 1072
13 2 496 1072 560 1072
13 0 560 1040 608 1040
13 2 560 1040 608 1040
13 2 400 1040 560 1040
13 0 560 992 608 992
13 2 560 992 608 992
13 2 352 992 560 992
13 0 560 944 608 944
13 2 560 944 608 944
13 2 496 944 560 944
13 0 560 912 608 912
13 2 560 912 608 912
13 2 448 912 560 912
13 0 592 832 608 832
13 2 592 832 608 832
13 2 544 832 592 832
13 0 592 800 608 800
13 2 592 800 608 800
13 2 352 800 592 800
13 0 576 704 608 704
13 2 576 704 608 704
13 2 304 704 576 704
13 0 576 656 608 656
13 2 576 656 608 656
13 2 400 656 576 656
13 0 576 624 608 624
13 2 576 624 608 624
13 2 448 624 576 624
13 0 576 544 608 544
13 2 576 544 608 544
13 2 352 544 576 544
13 0 576 480 608 480
13 2 576 480 608 480
13 2 544 480 576 480
13 0 592 448 608 448
13 2 592 448 608 448
13 2 496 448 592 448
13 0 1344 480 1632 480
13 2 1344 480 1632 480
13 2 1344 688 1616 688
13 0 1616 688 1632 688
13 2 1616 688 1632 688
13 2 1424 800 1584 800
13 2 1424 928 1552 928
13 0 1616 928 1632 928
13 2 1616 928 1632 928
13 0 1584 992 1632 992
13 2 1584 992 1632 992
13 0 1552 1056 1632 1056
13 2 1552 1056 1632 1056
13 0 1440 1120 1632 1120
13 2 1440 1120 1632 1120
13 0 1584 1184 1632 1184
13 2 1584 1184 1632 1184
13 2 1440 1376 1584 1376
13 2 1552 928 1552 1056
13 2 1584 800 1584 992
13 2 1584 1184 1584 1376
13 2 1616 688 1616 928
13 0 1680 1184 1808 1184
13 2 1680 1184 1808 1184
13 2 1632 1184 1680 1184
13 0 1664 1120 1808 1120
13 2 1664 1120 1808 1120
13 2 1632 1120 1664 1120
13 0 1648 1056 1808 1056
13 2 1648 1056 1808 1056
13 2 1632 1056 1648 1056
13 0 1648 992 1808 992
13 2 1648 992 1808 992
13 2 1632 992 1648 992
13 0 1648 928 1808 928
13 2 1648 928 1808 928
13 2 1632 928 1648 928
13 0 1680 784 1680 480
13 2 1680 480 1680 784
13 2 1680 784 1680 800
13 0 1744 800 1808 800
13 2 1744 800 1808 800
13 2 1680 800 1744 800
13 0 1632 480 1664 480
13 2 1632 480 1664 480
13 2 1664 480 1680 480
13 2 1632 688 1648 688
13 2 1648 864 1680 864
13 2 1648 688 1648 864
13 0 1680 848 1680 864
13 2 1680 848 1680 864
13 2 1680 864 1680 880
13 2 1824 864 1856 864
17 0 18
17 0 or2 1472 768 0
13 0 1616 832 1616 864
13 0 1616 864 1856 864
17 0 18
13 0 1616 864 1712 864
13 2 1616 864 1712 864
13 2 1616 832 1616 864
13 0 1776 864 1856 864
13 2 1776 864 1856 864
13 2 1712 864 1776 864
13 0 448 320 624 320
13 0 352 464 624 464
13 0 528 464 624 464
13 2 528 464 624 464
13 2 352 464 528 464
13 0 544 192 640 192
13 0 496 224 640 224
17 0 or2 640 144 0
13 0 624 320 784 320
13 0 784 320 784 240
17 0 and2 912 208 0
17 0 32
17 0 and2 784 160 0
17 0 and2 912 208 0
17 0 32
17 0 and2 912 208 0
17 0 32
17 0 and2 832 160 0
13 0 784 208 832 208
13 0 784 240 832 240
12 1 1 6
13 0 400 368 688 368
13 0 352 400 688 400
13 0 368 400 688 400
13 2 368 400 688 400
13 2 352 400 368 400
13 0 304 480 688 480
13 0 688 480 688 400
17 0 and2 784 400 0
17 0 31
17 0 and2 688 320 0
13 0 768 320 784 320
13 2 768 320 784 320
13 2 448 320 768 320
17 0 32
13 0 800 208 832 208
13 2 800 208 832 208
13 0 800 240 832 240
13 2 800 240 832 240
13 0 784 272 784 288
13 2 784 272 784 288
13 2 784 240 800 240
13 2 784 240 784 272
13 0 784 288 784 304
13 2 784 288 784 304
13 2 784 304 784 320
13 0 352 400 640 400
13 0 640 400 640 272
13 0 640 272 800 272
13 0 800 272 800 224
17 0 and2 816 160 0
13 2 800 224 800 272
13 0 816 240 816 272
13 0 816 272 800 272
13 2 816 240 816 272
17 0 32
17 0 and2 800 160 0
13 0 800 240 800 256
13 0 800 256 816 256
13 0 816 256 816 272
13 2 800 256 816 256
13 2 800 240 800 256
13 2 640 272 816 272
13 2 816 256 816 272
13 0 640 272 800 272
13 0 800 272 800 240
13 0 448 288 960 288
17 0 or2 944 176 0
17 0 or2 992 192 0
13 0 944 224 992 224
13 0 992 224 992 240
13 0 960 288 992 288
13 0 992 288 992 272
13 0 832 384 1136 384
13 0 1136 384 1136 304
17 0 or2 1040 384 0
17 0 12
17 0 or2 1168 208 0
13 0 1136 256 1168 256
13 0 1136 304 1136 288
13 0 1136 288 1152 288
13 0 1152 288 1168 288
13 0 1312 272 1312 1184
13 0 1312 1184 1808 1184
17 0 vlo 1648 704 0
17 0 vlo 1648 800 0
17 0 vlo 1584 832 0
17 0 vlo 1584 896 0
17 0 vlo 1664 896 0
13 7 1808 800
13 5 1808 800 code_6
13 8 1808 800 0
13 8 1808 800 0
13 0 1648 704 1808 704
13 0 1808 704 1808 800
13 0 1648 800 1856 800
13 0 1648 800 1808 800
13 0 1808 800 1856 800
13 0 1856 800 1856 848
13 0 1664 896 1808 896
13 0 1808 896 1808 912
13 0 1584 896 1808 896
13 0 1808 896 1808 992
13 0 1808 912 1808 928
13 0 1808 928 1808 992
13 0 1808 912 1808 928
13 2 1808 912 1808 928
13 2 1584 896 1664 896
17 0 11
17 0 vlo 1584 944 0
17 0 11
17 0 vlo 1488 1024 0
17 0 27
17 0 vlo 1600 1040 0
13 0 1600 1040 1600 976
13 0 1600 976 1664 976
13 0 1664 976 1808 976
13 0 1808 976 1808 992
13 0 1488 1024 1488 1056
13 0 1488 1056 1520 1056
17 0 11
17 0 vlo 1488 1024 0
13 0 1504 1056 1520 1056
13 2 1504 1056 1520 1056
13 2 1488 1056 1504 1056
13 2 1488 1024 1488 1056
17 0 11
17 0 vlo 1696 1120 0
13 0 1696 1120 1696 1152
13 0 1696 1152 1808 1152
13 0 1808 1152 1808 1120
13 7 1808 1056
13 5 1728 1056 code_2
13 8 1808 1056 0
13 8 1728 1056 0
17 0 vlo 1504 976 0
13 0 1504 976 1520 976
13 0 1520 976 1520 1120
13 0 1520 1120 1648 1120
13 0 1648 1120 1648 1072
13 0 1648 1072 1728 1072
13 0 1728 1072 1728 1056
13 0 1744 1152 1808 1152
13 2 1744 1152 1808 1152
13 2 1696 1152 1744 1152
13 0 1744 1120 1696 1120
13 0 1696 1120 1696 1152
13 0 1744 1120 1808 1120
13 0 1808 1120 1808 1152
13 0 1808 912 1808 928
13 2 1856 800 1856 848
13 7 1856 864
13 0 1888 864 1856 864
13 0 1856 800 1856 864
13 5 1888 880 code_5
13 8 1856 864 0
13 8 1888 880 0
13 0 1872 864 1888 864
13 2 1872 864 1888 864
13 2 1856 864 1872 864
13 0 1856 880 1856 864
13 0 1856 880 1888 880
13 0 1856 880 1856 864
13 2 1856 864 1856 880
13 0 1856 864 1872 864
13 0 1872 864 1888 864
13 0 1872 864 1888 864
13 2 1872 864 1888 864
13 2 1856 864 1872 864
13 0 1856 864 1888 864
13 2 1856 864 1888 864
13 0 1936 864 1856 864
13 0 1888 864 1936 864
13 2 1888 864 1936 864
13 2 1856 864 1888 864
13 0 1872 864 1856 864
13 0 1872 864 1936 864
13 7 1888 880
13 5 1888 912 code_5
13 8 1888 880 0
13 8 1888 912 0
13 0 1936 864 1936 912
13 0 1888 912 1936 912
13 0 1888 912 1936 912
13 0 1776 800 1808 800
13 2 1776 800 1808 800
13 2 1648 800 1776 800
13 0 1648 800 1776 800
13 0 1776 800 1808 800
13 2 1936 864 1936 912
13 7 1888 912
13 5 1888 880 code_5
13 8 1888 912 0
13 8 1888 880 0
13 8 1888 880 0
13 0 1872 864 1936 864
13 2 1872 864 1936 864
13 2 1856 864 1872 864
13 0 1856 864 1888 864
13 0 1888 864 1936 864
13 2 1856 864 1936 864
13 0 1856 864 1888 864
13 2 1856 864 1888 864
13 0 1856 864 1872 864
13 0 1872 864 1888 864
13 2 1856 800 1856 864
13 2 1856 864 1888 864
13 7 1888 880
13 0 1856 800 1856 848
13 5 1856 864 code_5
13 8 1888 880 0
13 8 1856 864 0
13 8 1856 864 0
13 0 1808 912 1808 928
13 2 1808 912 1808 928
13 0 1744 1120 1808 1120
13 2 1744 1120 1808 1120
13 2 1696 1120 1744 1120
13 0 1696 1152 1744 1152
13 0 1744 1152 1808 1152
13 2 1728 1056 1728 1072
13 2 1648 1072 1728 1072
13 2 1648 1072 1648 1120
13 2 1520 1120 1648 1120
13 2 1520 976 1520 1120
13 2 1504 976 1520 976
17 0 15
13 7 1728 1056
13 5 1808 1056 code_2
13 8 1728 1056 0
13 8 1808 1056 0
13 8 1808 1056 0
13 2 1808 1120 1808 1152
13 2 1696 1152 1808 1152
13 2 1696 1120 1696 1152
17 0 11
17 0 vlo 1488 1024 0
13 0 1488 1024 1488 1056
13 0 1488 1056 1504 1056
13 0 1504 1056 1520 1056
17 0 11
17 0 vlo 1488 1024 0
13 2 1488 1056 1520 1056
13 2 1488 1024 1488 1056
13 2 1808 976 1808 992
13 0 1664 976 1808 976
13 2 1664 976 1808 976
13 2 1600 976 1664 976
13 2 1600 976 1600 1040
17 0 27
17 0 vlo 1584 832 0
17 0 11
17 0 vlo 1584 944 0
17 0 11
17 0 vlo 1584 896 0
13 2 1808 896 1808 912
13 2 1664 896 1808 896
13 2 1856 800 1856 848
13 2 1808 800 1856 800
13 2 1648 800 1808 800
13 2 1808 704 1808 800
13 2 1648 704 1808 704
13 7 1808 800
13 5 1808 800 code_6
13 8 1808 800 0
13 8 1808 800 0
13 8 1808 800 0
17 0 30
17 0 11
17 0 27
17 0 26
17 0 25
13 2 1312 1184 1808 1184
13 2 1312 272 1312 1184
13 0 1152 288 1168 288
13 2 1152 288 1168 288
13 0 1152 288 1168 288
13 0 1312 272 1312 1184
13 0 1312 1184 1808 1184
17 0 vlo 1984 736 0
17 0 vlo 1984 816 0
17 0 vlo 1984 896 0
17 0 vlo 1984 976 0
17 0 vlo 1984 1056 0
17 0 vlo 1984 1136 0
13 0 1984 1136 1808 1136
13 0 1808 1136 1808 1120
13 0 1840 1136 1984 1136
13 2 1840 1136 1984 1136
13 2 1808 1136 1840 1136
13 0 1808 1136 1984 1136
13 2 1808 1120 1808 1136
13 7 1808 1120
13 0 1744 1136 1808 1136
13 5 1744 1136 code_1
13 8 1808 1120 0
13 8 1744 1136 0
13 0 1808 1056 1984 1056
13 0 1808 992 1968 992
13 0 1968 992 1968 976
13 0 1968 976 1984 976
13 0 1808 928 1904 928
13 0 1904 928 1904 896
13 0 1904 896 1984 896
13 0 1856 864 1968 864
13 0 1968 864 1968 816
13 0 1968 816 1984 816
13 0 1808 800 1968 800
13 0 1968 800 1968 736
13 0 1968 736 1984 736
13 0 2032 1168 2032 944
13 0 2032 944 1840 944
17 0 30
17 0 11
17 0 27
13 2 1904 896 1984 896
13 2 1808 928 1904 928
13 2 1840 944 2032 944
13 2 1968 976 1984 976
13 2 1808 992 1968 992
13 2 1808 1056 1984 1056
13 2 1744 1136 1984 1136
13 2 1904 896 1904 928
13 2 1968 976 1968 992
13 0 2032 944 2032 1136
13 2 2032 944 2032 1136
13 7 1808 928
13 7 1808 992
13 7 1808 1056
13 7 1744 1136
13 8 1808 928 0
13 8 1808 992 0
13 8 1808 1056 0
13 8 1744 1136 0
13 2 2032 1136 2032 1168
17 0 15
17 0 26
17 0 25
13 2 1968 736 1984 736
13 2 1808 800 1968 800
13 2 1968 816 1984 816
13 2 1856 864 1968 864
13 2 1968 736 1968 800
13 2 1968 816 1968 864
13 7 1808 800
13 7 1856 864
13 8 1808 800 0
13 8 1856 864 0
13 0 1968 816 1968 864
13 0 1968 736 1968 800
13 0 1856 864 1968 864
13 0 1968 816 1984 816
13 0 1808 800 1968 800
13 0 1968 736 1984 736
13 5 1856 864 code_5
13 5 1808 800 code_6
13 8 1856 864 0
13 8 1808 800 0
17 0 vlo 1984 816 0
17 0 vlo 1984 736 0
17 0 vlo 1984 1136 0
13 0 2032 1136 2032 1168
13 0 2032 944 2032 1136
13 0 1968 976 1968 992
13 0 1904 896 1904 928
13 0 1744 1136 1984 1136
13 0 1808 1056 1984 1056
13 0 1808 992 1968 992
13 0 1968 976 1984 976
13 0 1840 944 2032 944
13 0 1808 928 1904 928
13 0 1904 896 1984 896
13 5 1744 1136 code_1
13 5 1808 1056 code_2
13 5 1808 992 code_3
13 5 1808 928 code_4
13 8 1744 1136 0
13 8 1808 1056 0
13 8 1808 992 0
13 8 1808 928 0
17 0 vlo 1984 1056 0
17 0 vlo 1984 976 0
17 0 vlo 1984 896 0
13 2 1840 944 2032 944
13 2 2032 944 2032 1168
13 2 1968 736 1984 736
13 2 1968 736 1968 800
13 2 1808 800 1968 800
13 2 1968 816 1984 816
13 2 1968 816 1968 864
13 2 1856 864 1968 864
13 2 1904 896 1984 896
13 2 1904 896 1904 928
13 2 1808 928 1904 928
13 2 1968 976 1984 976
13 2 1968 976 1968 992
13 2 1808 992 1968 992
13 2 1808 1056 1984 1056
13 0 1744 1136 1808 1136
13 2 1744 1136 1808 1136
13 7 1744 1136
13 0 1808 1120 1808 1136
13 5 1808 1120 code_1
13 8 1744 1136 0
13 8 1808 1120 0
13 8 1808 1120 0
13 2 1808 1136 1984 1136
13 0 1808 1136 1840 1136
13 0 1840 1136 1984 1136
13 2 1808 1120 1808 1136
13 2 1808 1136 1984 1136
17 0 15
17 0 27
17 0 11
17 0 30
17 0 25
17 0 26
13 2 1312 1184 1808 1184
13 2 1312 272 1312 1184
13 0 1152 288 1168 288
13 2 1152 288 1168 288
13 2 1136 288 1152 288
13 0 1136 304 1136 288
13 2 1136 288 1136 304
13 2 1136 256 1168 256
17 0 12
17 0 or2 1040 384 0
17 0 12
13 2 1136 304 1136 384
13 2 832 384 1136 384
13 2 992 272 992 288
13 0 960 288 992 288
13 2 960 288 992 288
13 2 992 224 992 240
13 2 944 224 992 224
17 0 29
13 2 448 288 960 288
13 2 800 240 800 272
13 2 640 272 800 272
13 0 816 256 816 272
13 0 640 272 816 272
13 0 800 240 800 256
13 0 800 256 816 256
13 2 816 256 816 272
13 2 800 256 816 256
13 2 800 240 800 256
17 0 32
17 0 and2 816 160 0
13 0 816 240 816 272
13 0 816 272 800 272
13 2 800 272 816 272
13 2 816 240 816 272
13 0 800 224 800 272
17 0 32
13 2 800 224 800 272
13 2 640 272 800 272
13 2 640 272 640 400
13 2 352 400 640 400
13 0 784 304 784 320
13 0 784 288 784 304
13 0 784 240 784 272
13 0 784 240 800 240
13 0 784 272 784 288
13 0 800 240 832 240
13 0 800 208 832 208
17 0 and2 832 160 0
13 0 448 320 768 320
13 0 768 320 784 320
17 0 31
17 0 and2 784 400 0
17 0 31
13 2 688 400 688 480
13 2 304 480 688 480
13 0 352 400 368 400
13 0 368 400 688 400
13 2 352 400 688 400
13 2 400 368 688 368
12 0 1 968 200 164 C-dur: 60, 62, 64, 65, 67, 69, 71, 72
13 2 784 240 832 240
13 2 784 208 832 208
17 0 32
17 0 and2 912 208 0
17 0 32
13 2 784 240 784 320
13 0 624 320 784 320
13 2 624 320 784 320
17 0 18
13 2 496 224 640 224
13 2 544 192 640 192
13 0 352 464 528 464
13 0 528 464 624 464
13 2 352 464 624 464
13 2 448 320 624 320
13 0 1712 864 1776 864
13 0 1776 864 1856 864
13 0 1616 832 1616 864
13 0 1616 864 1712 864
17 0 or2 1472 768 0
13 2 1616 864 1856 864
13 2 1616 832 1616 864
17 0 18
17 0 or2 1680 800 0
13 0 1824 864 1856 864
13 0 1680 864 1680 880
13 0 1680 848 1680 864
13 0 1648 688 1648 864
13 0 1648 864 1680 864
13 0 1632 688 1648 688
13 0 1664 480 1680 480
13 0 1632 480 1664 480
13 0 1680 800 1744 800
13 0 1744 800 1808 800
13 0 1680 784 1680 800
13 0 1680 480 1680 784
13 0 1632 928 1648 928
13 0 1648 928 1808 928
13 0 1632 992 1648 992
13 0 1648 992 1808 992
13 0 1632 1056 1648 1056
13 0 1648 1056 1808 1056
13 0 1632 1120 1664 1120
13 0 1664 1120 1808 1120
13 0 1632 1184 1680 1184
13 0 1680 1184 1808 1184
13 0 1616 688 1616 928
13 0 1584 1184 1584 1376
13 0 1584 800 1584 992
13 0 1552 928 1552 1056
13 0 1440 1376 1584 1376
13 0 1584 1184 1632 1184
13 0 1440 1120 1632 1120
13 0 1552 1056 1632 1056
13 0 1584 992 1632 992
13 0 1616 928 1632 928
13 0 1424 928 1552 928
13 0 1424 800 1584 800
13 0 1616 688 1632 688
13 0 1344 688 1616 688
13 0 1344 480 1632 480
13 0 496 448 592 448
13 0 592 448 608 448
13 0 544 480 576 480
13 0 576 480 608 480
13 0 352 544 576 544
13 0 576 544 608 544
13 0 448 624 576 624
13 0 576 624 608 624
13 0 400 656 576 656
13 0 576 656 608 656
13 0 304 704 576 704
13 0 576 704 608 704
13 0 352 800 592 800
13 0 592 800 608 800
13 0 544 832 592 832
13 0 592 832 608 832
13 0 448 912 560 912
13 0 560 912 608 912
13 0 496 944 560 944
13 0 560 944 608 944
13 0 352 992 560 992
13 0 560 992 608 992
13 0 400 1040 560 1040
13 0 560 1040 608 1040
13 0 496 1072 560 1072
13 0 560 1072 608 1072
13 0 304 1168 560 1168
13 0 560 1168 608 1168
13 0 448 1200 576 1200
13 0 576 1200 608 1200
13 0 608 1200 672 1200
13 0 608 1168 672 1168
13 0 608 1072 672 1072
13 0 608 1040 672 1040
13 0 608 992 672 992
13 0 608 944 672 944
13 0 608 912 672 912
13 0 608 832 672 832
13 0 608 800 672 800
13 0 608 704 640 704
13 0 608 656 640 656
13 0 608 624 640 624
13 0 608 544 640 544
13 0 608 480 640 480
13 0 608 448 640 448
13 0 544 1440 560 1440
13 0 560 1440 576 1440
13 0 304 1408 512 1408
13 0 512 1408 576 1408
13 0 352 1360 528 1360
13 0 528 1360 576 1360
13 0 448 1312 512 1312
13 0 512 1312 576 1312
13 0 576 1440 608 1440
13 0 576 1408 608 1408
13 0 576 1360 608 1360
13 0 576 1312 608 1312
13 0 672 1440 720 1440
13 0 672 1408 720 1408
13 0 672 1360 720 1360
13 0 672 1312 720 1312
13 0 608 1440 672 1440
13 0 608 1408 672 1408
13 0 608 1360 672 1360
13 0 608 1312 672 1312
13 0 720 1440 816 1440
13 0 720 1408 816 1408
13 0 720 1360 816 1360
13 0 720 1312 816 1312
13 0 1296 1392 1296 1424
13 0 1296 1312 1296 1360
13 0 1088 1328 1088 1360
13 0 848 1248 848 1280
13 0 816 1440 1088 1440
13 0 1232 1424 1296 1424
13 0 816 1408 1088 1408
13 0 816 1360 1088 1360
13 0 1232 1312 1296 1312
13 0 816 1312 896 1312
13 0 1040 1296 1088 1296
13 0 848 1280 896 1280
13 0 1424 1120 1440 1120
17 0 or2 1296 1312 0
17 0 or2 896 1232 0
17 0 and2 1088 1248 0
17 0 and2 1088 1360 0
13 0 1088 1136 1088 1184
13 0 1088 1072 1088 1104
13 0 1056 784 1056 912
13 0 896 992 896 1056
13 0 896 960 896 992
13 0 848 1088 848 1248
13 0 848 1056 848 1088
13 0 672 1200 896 1200
13 0 1040 1184 1088 1184
13 0 672 1168 896 1168
13 0 1232 1120 1424 1120
13 0 848 1088 896 1088
13 0 1040 1072 1088 1072
13 0 672 1072 704 1072
13 0 672 1040 704 1040
13 0 672 992 896 992
13 0 1040 944 1088 944
13 0 672 944 704 944
13 0 1232 928 1424 928
13 0 848 928 896 928
13 0 1056 912 1088 912
13 0 672 912 704 912
13 0 672 832 704 832
13 0 848 816 1088 816
13 0 1232 800 1424 800
13 0 672 800 704 800
17 0 or2 1088 864 0
17 0 or2 704 992 0
17 0 or2 704 864 0
17 0 or2 1088 736 0
17 0 or2 1088 1056 0
17 0 and2 704 752 0
17 0 and2 896 880 0
17 0 and2 896 1008 0
17 0 and2 896 1120 0
13 0 1056 688 1056 784
13 0 1040 512 1040 560
13 0 896 640 896 672
13 0 896 576 896 640
13 0 1056 784 1088 784
13 0 640 704 896 704
13 0 1056 688 1344 688
13 0 1040 688 1056 688
13 0 640 656 704 656
13 0 848 640 896 640
13 0 640 624 704 624
13 0 640 544 896 544
13 0 1040 512 1088 512
13 0 1232 480 1344 480
13 0 640 480 1088 480
13 0 640 448 1088 448
17 0 or3 1088 400 0
17 0 or2 704 576 0
17 0 and2 896 496 0
17 0 and2 896 624 0
